<?xml version="1.0" encoding="UTF-8"?>
<!-- Generated by org.testng.reporters.JUnitReportReporter -->
<testsuite hostname="VIKRAMs-Air.bbrouter" name="org.automation.cowin.testcases.TC_001VerifyVaccinationBooking" tests="1" failures="0" timestamp="22 May 2021 13:07:35 GMT" time="2.402" errors="0">
  <testcase name="test" time="2.402" classname="org.automation.cowin.testcases.TC_001VerifyVaccinationBooking"/>
</testsuite> <!-- org.automation.cowin.testcases.TC_001VerifyVaccinationBooking -->
